#
# A fatal error has been detected by the Java Runtime Environment:
#
#  EXCEPTION_ACCESS_VIOLATION (0xc0000005) at pc=0x000000006aed10ce, pid=24288, tid=0x0000000000003ca8
#
# JRE version: Java(TM) SE Runtime Environment (8.0_151-b12) (build 1.8.0_151-b12)
# Java VM: Java HotSpot(TM) 64-Bit Server VM (25.151-b12 mixed mode windows-amd64 compressed oops)
# Problematic frame:
# C  [jdwp.dll+0x210ce]
#
# Failed to write core dump. Minidumps are not enabled by default on client versions of Windows
#
# If you would like to submit a bug report, please visit:
#   http://bugreport.java.com/bugreport/crash.jsp
# The crash happened outside the Java Virtual Machine in native code.
# See problematic frame for where to report the bug.
#

---------------  T H R E A D  ---------------

Current thread (0x000000001c318000):  JavaThread "JDWP Command Reader" daemon [_thread_in_native, id=15528, stack(0x000000001deb0000,0x000000001dfb0000)]

siginfo: ExceptionCode=0xc0000005, reading address 0x0000000000000000

Registers:
RAX=0x000000006aedf5a0, RBX=0x000000001c318000, RCX=0x0000000000000000, RDX=0x000000001c304930
RSP=0x000000001dfaf910, RBP=0x000000001dfaf9e0, RSI=0x000000001c304930, RDI=0x000000001e263b90
R8 =0x000000001dfaf6a8, R9 =0x000000001dfaf720, R10=0x0000000000000000, R11=0x000000001dfaf8c0
R12=0x000000006aed91d8, R13=0x000000001c318b78, R14=0x0000000000000000, R15=0x0000000000000000
RIP=0x000000006aed10ce, EFLAGS=0x0000000000010202

Top of Stack: (sp=0x000000001dfaf910)
0x000000001dfaf910:   000000001dfaf9c0 000000001dfaf9e0
0x000000001dfaf920:   0000000000000004 0000000069d06fe5
0x000000001dfaf930:   000000001e263b90 000000006aecfad1
0x000000001dfaf940:   000000001dfaf9c0 0000000000000013
0x000000001dfaf950:   000000001c318790 0000000069af888d
0x000000001dfaf960:   000000001e263b90 000000006aebee9b
0x000000001dfaf970:   000000001c318000 000000001c318790
0x000000001dfaf980:   000000001c318790 0000000069ca2c73
0x000000001dfaf990:   000000001c318001 0000000002c088f0
0x000000001dfaf9a0:   000000001c318000 000000001c309ce0
0x000000001dfaf9b0:   000000001c30cf10 0000000069bdc7db
0x000000001dfaf9c0:   000009cc00000000 000000001c010900
0x000000001dfaf9d0:   000000001c310860 000000001c318000
0x000000001dfaf9e0:   00000000000003d8 0000000069cad118
0x000000001dfaf9f0:   000000001c318000 000000001c30cf10
0x000000001dfafa00:   000000001c3187a0 00000000000000d8 

Instructions: (pc=0x000000006aed10ce)
0x000000006aed10ae:   8b c8 e8 cb bb ff ff 84 c0 75 08 48 8b cb e8 53
0x000000006aed10be:   c6 ff ff 48 8b 05 20 ec 00 00 48 8b d6 48 8b 08
0x000000006aed10ce:   48 8b 01 ff 90 00 01 00 00 8b c8 e8 62 ff ff ff
0x000000006aed10de:   8b f8 83 f8 34 74 bb 85 c0 74 61 8b c8 e8 c0 e2 


Register to memory mapping:

RAX=0x000000006aedf5a0 is an unknown value
RBX=0x000000001c318000 is a thread
RCX=0x0000000000000000 is an unknown value
RDX=0x000000001c304930 is an unknown value
RSP=0x000000001dfaf910 is pointing into the stack for thread: 0x000000001c318000
RBP=0x000000001dfaf9e0 is pointing into the stack for thread: 0x000000001c318000
RSI=0x000000001c304930 is an unknown value
RDI=0x000000001e263b90 is an unknown value
R8 =0x000000001dfaf6a8 is pointing into the stack for thread: 0x000000001c318000
R9 =0x000000001dfaf720 is pointing into the stack for thread: 0x000000001c318000
R10=0x0000000000000000 is an unknown value
R11=0x000000001dfaf8c0 is pointing into the stack for thread: 0x000000001c318000
R12=0x000000006aed91d8 is an unknown value
R13=0x000000001c318b78 is an unknown value
R14=0x0000000000000000 is an unknown value
R15=0x0000000000000000 is an unknown value


Stack: [0x000000001deb0000,0x000000001dfb0000],  sp=0x000000001dfaf910,  free space=1022k
Native frames: (J=compiled Java code, j=interpreted, Vv=VM code, C=native code)
C  [jdwp.dll+0x210ce]
C  [jdwp.dll+0xee9b]
V  [jvm.dll+0x1bd118]
V  [jvm.dll+0x244adf]
V  [jvm.dll+0x29c3ea]
C  [msvcr100.dll+0x21d9f]
C  [msvcr100.dll+0x21e3b]
C  [KERNEL32.DLL+0x17974]
C  [ntdll.dll+0x6a271]


---------------  P R O C E S S  ---------------

Java Threads: ( => current thread )
  0x000000001e1ff000 JavaThread "Service Thread" daemon [_thread_blocked, id=22884, stack(0x000000001e6b0000,0x000000001e7b0000)]
  0x000000001e1cb800 JavaThread "C1 CompilerThread2" daemon [_thread_blocked, id=9616, stack(0x000000001e5b0000,0x000000001e6b0000)]
  0x000000001c356000 JavaThread "C2 CompilerThread1" daemon [_thread_blocked, id=9912, stack(0x000000001e0b0000,0x000000001e1b0000)]
  0x000000001c327000 JavaThread "C2 CompilerThread0" daemon [_thread_blocked, id=20080, stack(0x000000001dfb0000,0x000000001e0b0000)]
=>0x000000001c318000 JavaThread "JDWP Command Reader" daemon [_thread_in_native, id=15528, stack(0x000000001deb0000,0x000000001dfb0000)]
  0x000000001c316800 JavaThread "JDWP Event Helper Thread" daemon [_thread_blocked, id=11364, stack(0x000000001ddb0000,0x000000001deb0000)]
  0x000000001c306000 JavaThread "JDWP Transport Listener: dt_socket" daemon [_thread_blocked, id=8568, stack(0x000000001dcb0000,0x000000001ddb0000)]
  0x000000001c2fe000 JavaThread "Attach Listener" daemon [_thread_blocked, id=8648, stack(0x000000001d870000,0x000000001d970000)]
  0x0000000002d1a800 JavaThread "Finalizer" daemon [_thread_blocked, id=20460, stack(0x000000001d570000,0x000000001d670000)]
  0x000000001c2c9000 JavaThread "Reference Handler" daemon [_thread_blocked, id=11360, stack(0x000000001d470000,0x000000001d570000)]

Other Threads:
  0x000000001c2c7800 VMThread [stack: 0x000000001d370000,0x000000001d470000] [id=8332]

VM state:at safepoint (normal execution)

VM Mutex/Monitor currently owned by a thread:  ([mutex/lock_event])
[0x0000000002c0d7c0] Threads_lock - owner thread: 0x000000001c2c7800
[0x0000000002c0dcc0] Heap_lock - owner thread: 0x0000000002c0e000

Heap:
 PSYoungGen      total 76288K, used 5243K [0x000000076b380000, 0x0000000770880000, 0x00000007c0000000)
  eden space 65536K, 8% used [0x000000076b380000,0x000000076b89ed38,0x000000076f380000)
  from space 10752K, 0% used [0x000000076fe00000,0x000000076fe00000,0x0000000770880000)
  to   space 10752K, 0% used [0x000000076f380000,0x000000076f380000,0x000000076fe00000)
 ParOldGen       total 175104K, used 0K [0x00000006c1a00000, 0x00000006cc500000, 0x000000076b380000)
  object space 175104K, 0% used [0x00000006c1a00000,0x00000006c1a00000,0x00000006cc500000)
 Metaspace       used 2605K, capacity 4486K, committed 4864K, reserved 1056768K
  class space    used 288K, capacity 386K, committed 512K, reserved 1048576K

Card table byte_map: [0x00000000120e0000,0x00000000128e0000] byte_map_base: 0x000000000ead3000

Marking Bits: (ParMarkBitMap*) 0x000000006a30d850
 Begin Bits: [0x0000000013230000, 0x00000000171c8000)
 End Bits:   [0x00000000171c8000, 0x000000001b160000)

Polling page: 0x00000000009d0000

CodeCache: size=245760Kb used=1104Kb max_used=1109Kb free=244655Kb
 bounds [0x0000000002d20000, 0x0000000002f90000, 0x0000000011d20000]
 total_blobs=250 nmethods=26 adapters=146
 compilation: enabled

Compilation events (10 events):
Event: 0.381 Thread 0x000000001e1cb800 nmethod 20 0x0000000002e31210 code [0x0000000002e31380, 0x0000000002e315a8]
Event: 0.381 Thread 0x000000001e1cb800   22       3       java.io.WinNTFileSystem::isSlash (18 bytes)
Event: 0.381 Thread 0x000000001e1cb800 nmethod 22 0x0000000002e31650 code [0x0000000002e317a0, 0x0000000002e31990]
Event: 0.381 Thread 0x000000001e1cb800   23  s    3       java.lang.StringBuffer::append (13 bytes)
Event: 0.382 Thread 0x000000001e1cb800 nmethod 23 0x0000000002e34710 code [0x0000000002e348c0, 0x0000000002e34ff8]
Event: 0.382 Thread 0x000000001c327000 nmethod 24 0x0000000002e35410 code [0x0000000002e35560, 0x0000000002e35658]
Event: 0.389 Thread 0x000000001e1cb800   25       3       java.lang.System::getSecurityManager (4 bytes)
Event: 0.389 Thread 0x000000001e1cb800 nmethod 25 0x0000000002e33c10 code [0x0000000002e33d60, 0x0000000002e33eb0]
Event: 155.257 Thread 0x000000001e1cb800   26       3       java.lang.String::getChars (62 bytes)
Event: 155.258 Thread 0x000000001e1cb800 nmethod 26 0x0000000002e330d0 code [0x0000000002e332a0, 0x0000000002e33758]

GC Heap History (0 events):
No events

Deoptimization events (0 events):
No events

Internal exceptions (2 events):
Event: 0.086 Thread 0x0000000002c0e000 Exception <a 'java/lang/NoSuchMethodError': Method sun.misc.Unsafe.defineClass(Ljava/lang/String;[BII)Ljava/lang/Class; name or signature does not match> (0x000000076b387ca8) thrown at [C:\re\workspace\8-2-build-windows-amd64-cygwin\jdk8u151\9699\hotspot\
Event: 0.086 Thread 0x0000000002c0e000 Exception <a 'java/lang/NoSuchMethodError': Method sun.misc.Unsafe.prefetchRead(Ljava/lang/Object;J)V name or signature does not match> (0x000000076b387f90) thrown at [C:\re\workspace\8-2-build-windows-amd64-cygwin\jdk8u151\9699\hotspot\src\share\vm\prims

Events (10 events):
Event: 300.967 Executing VM operation: ChangeSingleStep
Event: 300.967 Executing VM operation: ChangeSingleStep done
Event: 312.777 Thread 0x0000000002c0e000 Thread exited: 0x0000000002c0e000
Event: 312.777 Thread 0x0000000002c0e000 Thread added: 0x0000000002c0e000
Event: 312.777 loading class java/lang/Shutdown
Event: 312.777 loading class java/lang/Shutdown done
Event: 312.778 loading class java/lang/Shutdown$Lock
Event: 312.778 loading class java/lang/Shutdown$Lock done
Event: 312.779 Thread 0x000000001c2fa800 Thread exited: 0x000000001c2fa800
Event: 312.779 Thread 0x0000000002c0e000 Thread exited: 0x0000000002c0e000


Dynamic libraries:
0x00007ff6ea850000 - 0x00007ff6ea887000 	C:\Program Files\Java\jre1.8.0_151\bin\javaw.exe
0x00007fff0eb70000 - 0x00007fff0ed5d000 	C:\WINDOWS\SYSTEM32\ntdll.dll
0x00007fff0ea20000 - 0x00007fff0ead3000 	C:\WINDOWS\System32\KERNEL32.DLL
0x00007fff0acb0000 - 0x00007fff0af43000 	C:\WINDOWS\System32\KERNELBASE.dll
0x00007fff0c9a0000 - 0x00007fff0ca43000 	C:\WINDOWS\System32\ADVAPI32.dll
0x00007fff0bff0000 - 0x00007fff0c08e000 	C:\WINDOWS\System32\msvcrt.dll
0x00007fff0c0a0000 - 0x00007fff0c13e000 	C:\WINDOWS\System32\sechost.dll
0x00007fff0cb80000 - 0x00007fff0cca2000 	C:\WINDOWS\System32\RPCRT4.dll
0x00007fff0e4c0000 - 0x00007fff0e657000 	C:\WINDOWS\System32\USER32.dll
0x00007fff0bae0000 - 0x00007fff0bb00000 	C:\WINDOWS\System32\win32u.dll
0x00007fff0c330000 - 0x00007fff0c359000 	C:\WINDOWS\System32\GDI32.dll
0x00007fff0afa0000 - 0x00007fff0b139000 	C:\WINDOWS\System32\gdi32full.dll
0x00007fff0ba40000 - 0x00007fff0bae0000 	C:\WINDOWS\System32\msvcp_win.dll
0x00007fff0b170000 - 0x00007fff0b26a000 	C:\WINDOWS\System32\ucrtbase.dll
0x00007ffefeb70000 - 0x00007ffefede9000 	C:\WINDOWS\WinSxS\amd64_microsoft.windows.common-controls_6595b64144ccf1df_6.0.17763.802_none_05b1445c0722d2cc\COMCTL32.dll
0x00007fff0e660000 - 0x00007fff0e98c000 	C:\WINDOWS\System32\combase.dll
0x00007fff0ac30000 - 0x00007fff0acae000 	C:\WINDOWS\System32\bcryptPrimitives.dll
0x00007fff0cd40000 - 0x00007fff0cd6e000 	C:\WINDOWS\System32\IMM32.DLL
0x0000000000dd0000 - 0x0000000000de1000 	C:\WINDOWS\System32\umppc10102.dll
0x000000006b050000 - 0x000000006b122000 	C:\Program Files\Java\jre1.8.0_151\bin\msvcr100.dll
0x0000000069af0000 - 0x000000006a38d000 	C:\Program Files\Java\jre1.8.0_151\bin\server\jvm.dll
0x00007fff0c090000 - 0x00007fff0c098000 	C:\WINDOWS\System32\PSAPI.DLL
0x00007fff06ab0000 - 0x00007fff06ab9000 	C:\WINDOWS\SYSTEM32\WSOCK32.dll
0x00007fff0e990000 - 0x00007fff0e9fd000 	C:\WINDOWS\System32\WS2_32.dll
0x00007fff01920000 - 0x00007fff01944000 	C:\WINDOWS\SYSTEM32\WINMM.dll
0x00007fff02100000 - 0x00007fff0210a000 	C:\WINDOWS\SYSTEM32\VERSION.dll
0x00007fff018f0000 - 0x00007fff0191d000 	C:\WINDOWS\SYSTEM32\WINMMBASE.dll
0x00007fff0af50000 - 0x00007fff0af9a000 	C:\WINDOWS\System32\cfgmgr32.dll
0x000000006b040000 - 0x000000006b04f000 	C:\Program Files\Java\jre1.8.0_151\bin\verify.dll
0x000000006b010000 - 0x000000006b039000 	C:\Program Files\Java\jre1.8.0_151\bin\java.dll
0x000000006aeb0000 - 0x000000006aee5000 	C:\Program Files\Java\jre1.8.0_151\bin\jdwp.dll
0x000000006aea0000 - 0x000000006aea8000 	C:\Program Files\Java\jre1.8.0_151\bin\npt.dll
0x000000006aff0000 - 0x000000006b006000 	C:\Program Files\Java\jre1.8.0_151\bin\zip.dll
0x00007fff0cd70000 - 0x00007fff0e264000 	C:\WINDOWS\System32\SHELL32.dll
0x00007fff0e270000 - 0x00007fff0e318000 	C:\WINDOWS\System32\shcore.dll
0x00007fff0b2f0000 - 0x00007fff0ba3d000 	C:\WINDOWS\System32\windows.storage.dll
0x00007fff0ac00000 - 0x00007fff0ac24000 	C:\WINDOWS\System32\profapi.dll
0x00007fff0ab80000 - 0x00007fff0abdd000 	C:\WINDOWS\System32\powrprof.dll
0x00007fff0e460000 - 0x00007fff0e4b2000 	C:\WINDOWS\System32\shlwapi.dll
0x00007fff0ab60000 - 0x00007fff0ab71000 	C:\WINDOWS\System32\kernel.appcore.dll
0x00007fff0b2d0000 - 0x00007fff0b2e7000 	C:\WINDOWS\System32\cryptsp.dll
0x000000006aab0000 - 0x000000006aab9000 	C:\Program Files\Java\jre1.8.0_151\bin\dt_socket.dll
0x00007ffeefc40000 - 0x00007ffeefc56000 	C:\WINDOWS\system32\napinsp.dll
0x00007ffef0170000 - 0x00007ffef018a000 	C:\WINDOWS\system32\pnrpnsp.dll
0x00007fff0a370000 - 0x00007fff0a3d7000 	C:\WINDOWS\System32\mswsock.dll
0x00007fff0a0d0000 - 0x00007fff0a196000 	C:\WINDOWS\SYSTEM32\DNSAPI.dll
0x00007fff0e450000 - 0x00007fff0e458000 	C:\WINDOWS\System32\NSI.dll
0x00007fff0a090000 - 0x00007fff0a0cd000 	C:\WINDOWS\SYSTEM32\IPHLPAPI.DLL
0x00007ffef3f40000 - 0x00007ffef3f4e000 	C:\WINDOWS\System32\winrnr.dll
0x00007fff03da0000 - 0x00007fff03dbb000 	C:\WINDOWS\system32\NLAapi.dll
0x00007fff04fe0000 - 0x00007fff04ff5000 	C:\WINDOWS\system32\wshbth.dll
0x00007fff07560000 - 0x00007fff075d9000 	C:\WINDOWS\System32\fwpuclnt.dll
0x00007fff0b140000 - 0x00007fff0b166000 	C:\WINDOWS\System32\bcrypt.dll
0x00007fff01950000 - 0x00007fff0195a000 	C:\Windows\System32\rasadhlp.dll
0x00007fff08ac0000 - 0x00007fff08cad000 	C:\WINDOWS\SYSTEM32\dbghelp.dll

VM Arguments:
jvm_args: -agentlib:jdwp=transport=dt_socket,suspend=y,address=localhost:54611 -Dfile.encoding=Cp1252 
java_command: treeGeeksForGeeksQuestions.PostOrderFromGivenInOrderAndPreOrder
java_class_path (initial): C:\PersonalWorkspace\DataStructure\bin
Launcher Type: SUN_STANDARD

Environment Variables:
JAVA_HOME=C:\Program Files\Java\jdk1.8.0_151
PATH=C:/Program Files/Java/jre1.8.0_151/bin/server;C:/Program Files/Java/jre1.8.0_151/bin;C:/Program Files/Java/jre1.8.0_151/lib/amd64;C:\Perl\site\bin;C:\Perl\bin;C:\app\ajena\product\11.2.0\client_1;C:\app\ajena\product\11.2.0\client_1\bin;C:\ProgramData\Oracle\Java\javapath;C:\WINDOWS\system32;C:\WINDOWS;C:\WINDOWS\System32\Wbem;C:\WINDOWS\System32\WindowsPowerShell\v1.0\;C:\Program Files\TortoiseGit\bin;C:\Program Files (x86)\Microsoft SQL Server\90\Tools\binn\;C:\OpenSSL-Win64\bin;C:\Program Files\Java\jdk1.8.0_151;C:\MinGW\msys\1.0\bin;C:\MinGW\bin;C:\Program Files (x86)\Sennheiser\SoftphoneSDK\;C:\ANT\apache-ant-1.10.1-bin\apache-ant-1.10.1\bin;;C:\WINDOWS\System32\OpenSSH\;C:\Users\ajena\AppData\Local\Microsoft\WindowsApps;;C:\Users\ajena\Desktop;
USERNAME=ajena
OS=Windows_NT
PROCESSOR_IDENTIFIER=Intel64 Family 6 Model 78 Stepping 3, GenuineIntel



---------------  S Y S T E M  ---------------

OS: Windows 10.0 , 64 bit Build 17763 (10.0.17763.475)

CPU:total 4 (initial active 4) (2 cores per cpu, 2 threads per core) family 6 model 78 stepping 3, cmov, cx8, fxsr, mmx, sse, sse2, sse3, ssse3, sse4.1, sse4.2, popcnt, avx, avx2, aes, clmul, erms, rtm, 3dnowpref, lzcnt, ht, tsc, tscinvbit, bmi1, bmi2, adx

Memory: 4k page, physical 16666432k(12093140k free), swap 19156800k(13678824k free)

vm_info: Java HotSpot(TM) 64-Bit Server VM (25.151-b12) for windows-amd64 JRE (1.8.0_151-b12), built on Sep  5 2017 19:33:46 by "java_re" with MS VC++ 10.0 (VS2010)

time: Sat Dec 21 12:39:20 2019
elapsed time: 312 seconds (0d 0h 5m 12s)

